<?xml version="1.0" encoding="UTF-8"?>
<!-- Generated by org.testng.reporters.JUnitReportReporter -->
<testsuite hostname="LAPTOP-CRE5D1FQ" failures="0" tests="4" name="com.DaySeven.CalClass" time="0.008" errors="0" timestamp="2023-04-27T12:22:44 IST" skipped="0">
  <testcase classname="com.DaySeven.CalClass" name="add" time="0.006"/>
  <system-out/>
  <testcase classname="com.DaySeven.CalClass" name="multiply" time="0.001"/>
  <system-out/>
  <testcase classname="com.DaySeven.CalClass" name="subtract" time="0.001"/>
  <system-out/>
  <testcase classname="com.DaySeven.CalClass" name="divide" time="0.000"/>
  <system-out/>
</testsuite> <!-- com.DaySeven.CalClass -->
