<?xml version="1.0" encoding="UTF-8"?>
<!-- Generated by org.testng.reporters.JUnitReportReporter -->
<testsuite hostname="LAPTOP-CRE5D1FQ" failures="0" tests="1" name="com.DaySeven.D7e3" time="16.468" errors="0" timestamp="2023-04-27T14:43:36 IST" skipped="0">
  <testcase classname="com.DaySeven.D7e3" name="openURL" time="16.468"/>
  <system-out/>
</testsuite> <!-- com.DaySeven.D7e3 -->
