<?xml version="1.0" encoding="UTF-8"?>
<!-- Generated by org.testng.reporters.JUnitReportReporter -->
<testsuite hostname="LAPTOP-CRE5D1FQ" failures="0" tests="2" name="com.DaySeven.D7e4" time="31.453" errors="0" timestamp="2023-04-27T15:12:25 IST" skipped="0">
  <testcase classname="com.DaySeven.D7e4" name="Signout" time="7.661"/>
  <system-out/>
  <testcase classname="com.DaySeven.D7e4" name="LoginPage" time="23.792"/>
  <system-out/>
</testsuite> <!-- com.DaySeven.D7e4 -->
