<?xml version="1.0" encoding="UTF-8"?>
<!-- Generated by org.testng.reporters.JUnitReportReporter -->
<testsuite hostname="LAPTOP-CRE5D1FQ" failures="0" tests="1" name="com.DaySeven.Testngone" time="0.005" errors="0" timestamp="2023-04-27T11:18:57 IST" skipped="0">
  <testcase classname="com.DaySeven.Testngone" name="f" time="0.005"/>
  <system-out/>
</testsuite> <!-- com.DaySeven.Testngone -->
